# JRE version: OpenJDK Runtime Environment Temurin-17.0.7+7 (17.0.7+7) (build 17.0.7+7)
# Java VM: OpenJDK 64-Bit Server VM Temurin-17.0.7+7 (17.0.7+7, mixed mode, tiered, compressed oops, compressed class ptrs, g1 gc, linux-amd64)
GC Precious Log:
 CPUs: 2 total, 2 available
 Memory: 2892M
 Large Page Support: Disabled
 NUMA Support: Disabled
 Compressed Oops: Enabled (32-bit)
 Heap Region Size: 1M
 Heap Min Capacity: 256M
 Heap Initial Capacity: 256M
 Heap Max Capacity: 2G
 Pre-touch: Disabled
 Parallel Workers: 2
 Concurrent Workers: 1
 Concurrent Refinement Workers: 2
 Periodic GC: Disabled
Heap:
 garbage-first heap   total 262144K, used 77138K [0x0000000080000000, 0x0000000100000000)
  region size 1024K, 40 young (40960K), 3 survivors (3072K)
 Metaspace       used 39812K, committed 40832K, reserved 1114112K
  class space    used 4322K, committed 4736K, reserved 1048576K
GC Heap History (16 events):
Event: 3,275 GC heap before
{Heap before GC invocations=0 (full 0):
 garbage-first heap   total 262144K, used 12288K [0x0000000080000000, 0x0000000100000000)
  region size 1024K, 12 young (12288K), 0 survivors (0K)
 Metaspace       used 11155K, committed 11328K, reserved 1114112K
  class space    used 1004K, committed 1088K, reserved 1048576K
}
Event: 3,298 GC heap after
{Heap after GC invocations=1 (full 0):
 garbage-first heap   total 262144K, used 2552K [0x0000000080000000, 0x0000000100000000)
  region size 1024K, 2 young (2048K), 2 survivors (2048K)
 Metaspace       used 11155K, committed 11328K, reserved 1114112K
  class space    used 1004K, committed 1088K, reserved 1048576K
}
Event: 3,809 GC heap before
{Heap before GC invocations=1 (full 0):
 garbage-first heap   total 262144K, used 12792K [0x0000000080000000, 0x0000000100000000)
  region size 1024K, 12 young (12288K), 2 survivors (2048K)
 Metaspace       used 12728K, committed 12864K, reserved 1114112K
  class space    used 1150K, committed 1216K, reserved 1048576K
}
Event: 3,834 GC heap after
{Heap after GC invocations=2 (full 0):
 garbage-first heap   total 262144K, used 7648K [0x0000000080000000, 0x0000000100000000)
  region size 1024K, 2 young (2048K), 2 survivors (2048K)
 Metaspace       used 12728K, committed 12864K, reserved 1114112K
  class space    used 1150K, committed 1216K, reserved 1048576K
}
Event: 4,190 GC heap before
{Heap before GC invocations=2 (full 0):
 garbage-first heap   total 262144K, used 17888K [0x0000000080000000, 0x0000000100000000)
  region size 1024K, 12 young (12288K), 2 survivors (2048K)
 Metaspace       used 13946K, committed 14144K, reserved 1114112K
  class space    used 1270K, committed 1344K, reserved 1048576K
}
Event: 4,212 GC heap after
{Heap after GC invocations=3 (full 0):
 garbage-first heap   total 262144K, used 11264K [0x0000000080000000, 0x0000000100000000)
  region size 1024K, 2 young (2048K), 2 survivors (2048K)
 Metaspace       used 13946K, committed 14144K, reserved 1114112K
  class space    used 1270K, committed 1344K, reserved 1048576K
}
Event: 5,518 GC heap before
{Heap before GC invocations=3 (full 0):
 garbage-first heap   total 262144K, used 21504K [0x0000000080000000, 0x0000000100000000)
  region size 1024K, 13 young (13312K), 2 survivors (2048K)
 Metaspace       used 16262K, committed 16512K, reserved 1114112K
  class space    used 1531K, committed 1664K, reserved 1048576K
}
Event: 5,531 GC heap after
{Heap after GC invocations=4 (full 0):
 garbage-first heap   total 262144K, used 12426K [0x0000000080000000, 0x0000000100000000)
  region size 1024K, 1 young (1024K), 1 survivors (1024K)
 Metaspace       used 16262K, committed 16512K, reserved 1114112K
  class space    used 1531K, committed 1664K, reserved 1048576K
}
Event: 8,482 GC heap before
{Heap before GC invocations=4 (full 0):
 garbage-first heap   total 262144K, used 26762K [0x0000000080000000, 0x0000000100000000)
  region size 1024K, 17 young (17408K), 1 survivors (1024K)
 Metaspace       used 21088K, committed 21504K, reserved 1114112K
  class space    used 2044K, committed 2240K, reserved 1048576K
}
Event: 8,498 GC heap after
{Heap after GC invocations=5 (full 0):
 garbage-first heap   total 262144K, used 15101K [0x0000000080000000, 0x0000000100000000)
  region size 1024K, 4 young (4096K), 4 survivors (4096K)
 Metaspace       used 21088K, committed 21504K, reserved 1114112K
  class space    used 2044K, committed 2240K, reserved 1048576K
}
Event: 15,741 GC heap before
{Heap before GC invocations=6 (full 0):
 garbage-first heap   total 262144K, used 66301K [0x0000000080000000, 0x0000000100000000)
  region size 1024K, 53 young (54272K), 4 survivors (4096K)
 Metaspace       used 30688K, committed 31360K, reserved 1114112K
  class space    used 3075K, committed 3328K, reserved 1048576K
}
Event: 15,811 GC heap after
{Heap after GC invocations=7 (full 0):
 garbage-first heap   total 262144K, used 22404K [0x0000000080000000, 0x0000000100000000)
  region size 1024K, 7 young (7168K), 7 survivors (7168K)
 Metaspace       used 30688K, committed 31360K, reserved 1114112K
  class space    used 3075K, committed 3328K, reserved 1048576K
}
Event: 16,427 GC heap before
{Heap before GC invocations=7 (full 0):
 garbage-first heap   total 262144K, used 27524K [0x0000000080000000, 0x0000000100000000)
  region size 1024K, 12 young (12288K), 7 survivors (7168K)
 Metaspace       used 32231K, committed 33024K, reserved 1114112K
  class space    used 3274K, committed 3584K, reserved 1048576K
}
Event: 16,450 GC heap after
{Heap after GC invocations=8 (full 0):
 garbage-first heap   total 262144K, used 24038K [0x0000000080000000, 0x0000000100000000)
  region size 1024K, 2 young (2048K), 2 survivors (2048K)
 Metaspace       used 32231K, committed 33024K, reserved 1114112K
  class space    used 3274K, committed 3584K, reserved 1048576K
}
Event: 17,459 GC heap before
{Heap before GC invocations=8 (full 0):
 garbage-first heap   total 262144K, used 33254K [0x0000000080000000, 0x0000000100000000)
  region size 1024K, 13 young (13312K), 2 survivors (2048K)
 Metaspace       used 35342K, committed 36288K, reserved 1114112K
  class space    used 3740K, committed 4160K, reserved 1048576K
}
Event: 17,468 GC heap after
{Heap after GC invocations=9 (full 0):
 garbage-first heap   total 262144K, used 24914K [0x0000000080000000, 0x0000000100000000)
  region size 1024K, 3 young (3072K), 3 survivors (3072K)
 Metaspace       used 35342K, committed 36288K, reserved 1114112K
  class space    used 3740K, committed 4160K, reserved 1048576K
}

